SF:/Users/asumayamada/Private/posaune0423/bulk-ts-sdk/src/builders/orders.ts
FN:11,toKeychainAgentWalletCreation
FN:19,toKeychainLimitOrder
FN:35,toKeychainMarketOrder
FN:52,toKeychainCancelOrder
FN:60,toKeychainCancelAll
FNDA:1,toKeychainAgentWalletCreation
FNDA:8,toKeychainLimitOrder
FNDA:3,toKeychainMarketOrder
FNDA:2,toKeychainCancelOrder
FNDA:3,toKeychainCancelAll
FNF:5
FNH:5
BRDA:26,2,0,7
BRDA:26,2,1,1
BRDA:27,2,0,7
BRDA:27,2,1,1
BRDA:30,2,0,7
BRDA:30,2,1,1
BRDA:42,3,0,1
BRDA:42,3,1,2
BRDA:43,3,0,2
BRDA:43,3,1,1
BRDA:63,5,0,0
BRDA:63,5,1,3
BRF:12
BRH:11
DA:11,3
DA:12,1
DA:13,1
DA:14,1
DA:15,1
DA:16,1
DA:17,1
DA:19,3
DA:20,8
DA:21,8
DA:22,8
DA:23,8
DA:24,8
DA:25,8
DA:26,8
DA:27,8
DA:28,8
DA:29,8
DA:30,8
DA:31,8
DA:32,8
DA:33,8
DA:35,3
DA:36,3
DA:37,3
DA:38,3
DA:39,3
DA:40,3
DA:41,3
DA:42,3
DA:43,3
DA:44,3
DA:45,3
DA:46,3
DA:47,3
DA:48,3
DA:49,3
DA:50,3
DA:52,3
DA:53,2
DA:54,2
DA:55,2
DA:56,2
DA:57,2
DA:58,2
DA:60,3
DA:61,3
DA:62,3
DA:63,0
DA:64,3
DA:65,3
LH:50
LF:51
end_of_record
SF:/Users/asumayamada/Private/posaune0423/bulk-ts-sdk/src/client.ts
FN:41,<instance_members_initializer>
FN:60,BulkClient
FNDA:29,<instance_members_initializer>
FNDA:29,BulkClient
FNF:2
FNH:2
BRDA:62,2,0,0
BRDA:62,2,1,29
BRDA:71,2,0,7
BRDA:71,2,1,22
BRDA:72,2,0,22
BRDA:72,2,1,7
BRDA:79,2,0,27
BRDA:79,2,1,6
BRF:8
BRH:7
DA:1,1
DA:2,1
DA:3,1
DA:4,1
DA:5,1
DA:6,1
DA:7,1
DA:39,1
DA:41,1
DA:43,29
DA:45,29
DA:47,29
DA:52,29
DA:54,1
DA:60,1
DA:61,29
DA:62,29
DA:63,29
DA:64,29
DA:66,29
DA:67,29
DA:68,29
DA:69,29
DA:71,29
DA:72,29
DA:73,29
DA:75,29
DA:76,29
DA:77,29
DA:78,29
DA:79,29
DA:80,29
DA:81,29
DA:82,1
LH:34
LF:34
end_of_record
SF:/Users/asumayamada/Private/posaune0423/bulk-ts-sdk/src/constants.ts
FNF:0
FNH:0
BRF:0
BRH:0
DA:2,1
DA:5,1
DA:8,1
DA:11,1
LH:4
LF:4
end_of_record
SF:/Users/asumayamada/Private/posaune0423/bulk-ts-sdk/src/errors.ts
FN:9,BulkError
FN:18,<instance_members_initializer>
FN:24,BulkHttpError
FN:37,BulkWsError
FN:50,BulkTimeoutError
FN:63,BulkDecodeError
FN:71,<instance_members_initializer>
FN:76,BulkTransactionRejectedError
FNDA:12,BulkError
FNDA:2,<instance_members_initializer>
FNDA:2,BulkHttpError
FNDA:3,BulkWsError
FNDA:3,BulkTimeoutError
FNDA:3,BulkDecodeError
FNDA:1,<instance_members_initializer>
FNDA:1,BulkTransactionRejectedError
FNF:8
FNH:8
BRDA:25,3,0,0
BRDA:25,3,1,2
BRF:2
BRH:1
DA:4,4
DA:9,4
DA:10,12
DA:11,12
DA:12,12
DA:13,4
DA:18,4
DA:24,4
DA:25,2
DA:26,2
DA:27,4
DA:32,4
DA:37,4
DA:38,3
DA:39,3
DA:40,4
DA:45,4
DA:50,4
DA:51,3
DA:52,3
DA:53,4
DA:58,4
DA:63,4
DA:64,3
DA:65,3
DA:66,4
DA:71,4
DA:76,4
DA:77,1
DA:78,1
DA:79,4
LH:31
LF:31
end_of_record
SF:/Users/asumayamada/Private/posaune0423/bulk-ts-sdk/src/http/account_client.ts
FN:16,<instance_members_initializer>
FN:17,AccountClient
FN:19,fullAccount
FN:31,openOrders
FN:38,fills
FN:45,positions
FN:52,fundingHistory
FN:59,orderHistory
FN:66,feeTier
FN:79,feeState
FN:83,multisigProposals
FN:89,queryAccount
FNDA:29,<instance_members_initializer>
FNDA:29,AccountClient
FNDA:2,fullAccount
FNDA:1,openOrders
FNDA:1,fills
FNDA:1,positions
FNDA:1,fundingHistory
FNDA:1,orderHistory
FNDA:2,feeTier
FNDA:1,feeState
FNDA:1,multisigProposals
FNDA:5,queryAccount
FNF:12
FNH:12
BRDA:25,3,0,1
BRDA:25,3,1,1
BRDA:25,3,2,1
BRDA:34,6,0,0
BRDA:34,6,1,1
BRDA:41,8,0,0
BRDA:41,8,1,1
BRDA:48,10,0,0
BRDA:48,10,1,1
BRDA:55,12,0,0
BRDA:55,12,1,1
BRDA:62,14,0,0
BRDA:62,14,1,1
BRDA:73,15,0,1
BRDA:73,15,1,1
BRDA:73,15,2,1
BRF:16
BRH:11
DA:1,1
DA:16,1
DA:17,29
DA:19,1
DA:20,2
DA:21,2
DA:22,2
DA:23,2
DA:24,2
DA:25,2
DA:26,1
DA:27,1
DA:28,1
DA:29,2
DA:31,1
DA:32,1
DA:33,1
DA:34,1
DA:36,1
DA:38,1
DA:39,1
DA:40,1
DA:41,1
DA:43,1
DA:45,1
DA:46,1
DA:47,1
DA:48,1
DA:50,1
DA:52,1
DA:53,1
DA:54,1
DA:55,1
DA:57,1
DA:59,1
DA:60,1
DA:61,1
DA:62,1
DA:64,1
DA:66,1
DA:67,2
DA:68,2
DA:69,2
DA:70,2
DA:71,2
DA:72,2
DA:73,2
DA:74,1
DA:75,1
DA:76,1
DA:77,2
DA:79,1
DA:80,1
DA:81,1
DA:83,1
DA:84,1
DA:85,1
DA:87,1
DA:89,1
DA:90,1
DA:91,1
DA:92,1
DA:93,5
DA:94,5
DA:95,5
DA:96,5
DA:97,5
DA:98,5
DA:99,5
DA:100,5
DA:101,5
DA:102,5
DA:103,1
LH:73
LF:73
end_of_record
SF:/Users/asumayamada/Private/posaune0423/bulk-ts-sdk/src/http/http_transport.ts
FN:18,<instance_members_initializer>
FN:19,HttpTransport
FN:21,get
FN:25,post
FN:33,request
FNDA:31,<instance_members_initializer>
FNDA:31,HttpTransport
FNDA:13,get
FNDA:17,post
FNDA:30,request
FNF:5
FNH:5
BRDA:56,5,0,13
BRDA:56,5,1,17
BRDA:57,5,0,29
BRDA:57,5,1,1
BRDA:58,5,0,28
BRDA:58,5,1,2
BRDA:61,5,0,0
BRDA:61,5,1,30
BRDA:63,5,0,28
BRDA:63,5,1,1
BRDA:65,5,0,27
BRDA:65,5,1,1
BRDA:68,5,0,3
BRDA:68,5,1,27
BRDA:69,5,0,2
BRDA:69,5,1,2
BRDA:70,5,0,1
BRDA:70,5,1,1
BRDA:75,5,0,0
BRDA:75,5,1,30
BRF:20
BRH:18
DA:1,2
DA:2,2
DA:3,2
DA:18,2
DA:19,31
DA:21,2
DA:22,13
DA:23,13
DA:25,2
DA:26,2
DA:27,2
DA:28,2
DA:29,2
DA:30,17
DA:31,17
DA:33,2
DA:34,2
DA:35,2
DA:36,2
DA:37,2
DA:38,2
DA:39,30
DA:40,30
DA:41,30
DA:42,30
DA:43,30
DA:44,1
DA:45,1
DA:46,30
DA:48,30
DA:49,30
DA:50,30
DA:51,30
DA:52,30
DA:53,30
DA:54,30
DA:55,30
DA:56,30
DA:57,30
DA:58,30
DA:60,28
DA:61,30
DA:63,30
DA:64,1
DA:65,1
DA:67,27
DA:68,30
DA:69,3
DA:70,2
DA:71,1
DA:72,1
DA:73,2
DA:74,2
DA:75,30
DA:76,30
DA:77,30
DA:78,30
DA:79,2
LH:58
LF:58
end_of_record
SF:/Users/asumayamada/Private/posaune0423/bulk-ts-sdk/src/http/market_client.ts
FN:14,<instance_members_initializer>
FN:15,MarketClient
FN:17,metrics
FN:21,verify
FN:25,exchangeInfo
FN:29,ticker
FN:35,klines
FN:48,l2Book
FN:59,stats
FN:67,riskSurfaces
FN:74,filterKlines
FNDA:29,<instance_members_initializer>
FNDA:29,MarketClient
FNDA:0,metrics
FNDA:0,verify
FNDA:1,exchangeInfo
FNDA:1,ticker
FNDA:3,klines
FNDA:1,l2Book
FNDA:2,stats
FNDA:1,riskSurfaces
FNDA:3,filterKlines
FNF:11
FNH:9
BRDA:62,9,0,1
BRDA:62,9,1,1
BRDA:81,11,0,1
BRDA:81,11,1,2
BRDA:84,11,0,0
BRDA:84,11,1,2
BRDA:85,11,0,0
BRDA:85,11,1,2
BRDA:87,11,0,1
BRDA:87,11,1,1
BRDA:76,12,0,4
BRDA:76,12,1,1
BRDA:76,12,2,7
BRDA:77,12,0,3
BRDA:77,12,1,1
BRDA:77,12,2,6
BRF:16
BRH:14
DA:14,1
DA:15,29
DA:17,0
DA:18,0
DA:19,0
DA:21,0
DA:22,0
DA:23,0
DA:25,1
DA:26,1
DA:27,1
DA:29,1
DA:30,1
DA:31,1
DA:33,1
DA:35,1
DA:36,3
DA:37,3
DA:38,3
DA:39,3
DA:40,3
DA:41,3
DA:42,3
DA:43,3
DA:44,3
DA:45,3
DA:46,3
DA:48,1
DA:49,1
DA:50,1
DA:51,1
DA:52,1
DA:53,1
DA:54,1
DA:55,1
DA:56,1
DA:57,1
DA:59,1
DA:60,2
DA:61,2
DA:62,2
DA:63,2
DA:64,2
DA:65,2
DA:67,1
DA:68,1
DA:69,1
DA:70,1
DA:71,1
DA:72,1
DA:74,3
DA:75,3
DA:76,8
DA:77,8
DA:78,6
DA:79,3
DA:81,3
DA:83,2
DA:84,0
DA:85,0
DA:87,3
DA:88,3
LH:54
LF:62
end_of_record
SF:/Users/asumayamada/Private/posaune0423/bulk-ts-sdk/src/http/trade_client.ts
FN:27,<instance_members_initializer>
FN:28,TradeClient
FN:36,submit
FN:61,placeLimitOrder
FN:69,placeMarketOrder
FN:77,cancelOrder
FN:85,cancelAll
FN:93,manageAgentWallet
FN:101,batch
FN:110,submitSignedAction
FN:119,ensureSigner
FN:126,assertOrderResponseOk
FNDA:29,<instance_members_initializer>
FNDA:29,TradeClient
FNDA:9,submit
FNDA:4,placeLimitOrder
FNDA:1,placeMarketOrder
FNDA:1,cancelOrder
FNDA:1,cancelAll
FNDA:0,manageAgentWallet
FNDA:1,batch
FNDA:7,submitSignedAction
FNDA:8,ensureSigner
FNDA:8,assertOrderResponseOk
FNF:12
FNH:11
BRDA:41,3,0,8
BRDA:41,3,1,1
BRDA:44,3,0,1
BRDA:44,3,1,8
BRDA:48,3,0,8
BRDA:48,3,1,1
BRDA:54,3,0,8
BRDA:54,3,1,1
BRDA:120,11,0,1
BRDA:120,11,1,7
BRDA:122,11,0,7
BRDA:122,11,1,1
BRDA:127,12,0,1
BRDA:127,12,1,7
BRF:14
BRH:14
DA:1,1
DA:2,1
DA:3,1
DA:4,1
DA:5,1
DA:6,1
DA:7,1
DA:8,1
DA:9,1
DA:27,1
DA:28,1
DA:29,29
DA:33,1
DA:34,29
DA:36,1
DA:37,1
DA:38,1
DA:39,1
DA:40,9
DA:41,9
DA:43,9
DA:44,9
DA:45,1
DA:46,1
DA:47,1
DA:48,9
DA:49,8
DA:50,8
DA:51,8
DA:52,8
DA:54,9
DA:55,8
DA:56,8
DA:58,8
DA:59,9
DA:61,1
DA:62,1
DA:63,1
DA:64,1
DA:65,4
DA:66,4
DA:67,4
DA:69,1
DA:70,1
DA:71,1
DA:72,1
DA:73,1
DA:74,1
DA:75,1
DA:77,1
DA:78,1
DA:79,1
DA:80,1
DA:81,1
DA:82,1
DA:83,1
DA:85,1
DA:86,1
DA:87,1
DA:88,1
DA:89,1
DA:90,1
DA:91,1
DA:93,0
DA:94,0
DA:95,0
DA:96,0
DA:97,0
DA:98,0
DA:99,0
DA:101,1
DA:102,1
DA:103,1
DA:104,1
DA:105,1
DA:106,1
DA:107,1
DA:108,1
DA:110,1
DA:111,1
DA:112,1
DA:113,1
DA:114,7
DA:115,7
DA:116,7
DA:117,7
DA:119,1
DA:120,8
DA:121,1
DA:122,1
DA:123,7
DA:124,8
DA:126,1
DA:127,8
DA:128,1
DA:129,1
DA:130,8
DA:131,1
LH:91
LF:98
end_of_record
SF:/Users/asumayamada/Private/posaune0423/bulk-ts-sdk/src/signing/keychain_signer.ts
FN:20,supportsAgentWalletSigning
FN:24,<instance_members_initializer>
FN:27,KeychainSigner
FN:32,fromPrivateKey
FN:38,get accountPublicKey
FN:42,sign
FN:54,signGroup
FN:58,signAll
FN:63,signActions
FN:72,nextNonce
FN:78,assertCanSignTargetAccount
FNDA:1,supportsAgentWalletSigning
FNDA:12,<instance_members_initializer>
FNDA:12,KeychainSigner
FNDA:11,fromPrivateKey
FNDA:8,get accountPublicKey
FNDA:9,sign
FNDA:2,signGroup
FNDA:1,signAll
FNDA:10,signActions
FNDA:9,nextNonce
FNDA:11,assertCanSignTargetAccount
FNF:11
FNH:11
BRDA:21,1,0,0
BRDA:21,1,1,1
BRDA:43,6,0,1
BRDA:43,6,1,8
BRDA:46,6,0,0
BRDA:46,6,1,1
BRDA:49,6,0,8
BRDA:49,6,1,1
BRDA:74,10,0,1
BRDA:74,10,1,8
BRDA:79,11,0,1
BRDA:79,11,1,1
BRF:12
BRH:10
DA:1,2
DA:2,2
DA:20,1
DA:21,1
DA:22,1
DA:24,2
DA:25,12
DA:27,2
DA:28,12
DA:29,12
DA:30,12
DA:32,2
DA:33,11
DA:34,11
DA:35,11
DA:36,11
DA:38,2
DA:39,8
DA:40,8
DA:42,2
DA:43,9
DA:44,1
DA:45,1
DA:46,1
DA:47,0
DA:48,0
DA:49,0
DA:51,8
DA:52,9
DA:54,2
DA:55,2
DA:56,2
DA:58,2
DA:59,1
DA:60,1
DA:61,1
DA:63,2
DA:64,10
DA:65,10
DA:66,10
DA:67,10
DA:69,10
DA:70,10
DA:72,2
DA:73,9
DA:74,9
DA:75,9
DA:76,9
DA:78,2
DA:79,11
DA:80,1
DA:81,1
DA:83,1
DA:84,11
DA:85,2
LH:52
LF:55
end_of_record
SF:/Users/asumayamada/Private/posaune0423/bulk-ts-sdk/src/signing/normalize_signed_transaction.ts
FN:8,normalizeSignedTransaction
FNDA:20,normalizeSignedTransaction
FNF:1
FNH:1
BRDA:12,1,0,11
BRDA:12,1,1,1
BRDA:12,1,2,9
BRF:3
BRH:3
DA:1,2
DA:8,2
DA:9,2
DA:11,20
DA:12,20
DA:13,20
DA:15,20
DA:16,20
DA:17,20
DA:18,20
DA:19,20
DA:20,20
DA:21,20
LH:13
LF:13
end_of_record
SF:/Users/asumayamada/Private/posaune0423/bulk-ts-sdk/src/utils/json.ts
FN:4,safeJsonParse
FNDA:48,safeJsonParse
FNF:1
FNH:1
BRDA:7,1,0,2
BRDA:7,1,1,46
BRF:2
BRH:2
DA:4,5
DA:5,48
DA:6,48
DA:7,48
DA:8,2
DA:9,2
DA:10,48
LH:7
LF:7
end_of_record
SF:/Users/asumayamada/Private/posaune0423/bulk-ts-sdk/src/utils/url.ts
FN:4,buildUrl
FNDA:33,buildUrl
FNF:1
FNH:1
BRDA:9,1,0,1
BRDA:9,1,1,32
BRDA:10,1,0,0
BRDA:10,1,1,33
BRDA:11,1,0,0
BRDA:11,1,1,33
BRDA:12,1,0,8
BRDA:12,1,1,25
BRDA:13,1,0,24
BRDA:14,1,0,18
BRDA:14,1,1,6
BRF:11
BRH:9
DA:4,3
DA:5,3
DA:6,3
DA:7,3
DA:9,33
DA:10,33
DA:11,33
DA:12,33
DA:13,8
DA:14,24
DA:15,18
DA:16,18
DA:17,24
DA:18,8
DA:19,33
DA:20,33
LH:16
LF:16
end_of_record
SF:/Users/asumayamada/Private/posaune0423/bulk-ts-sdk/src/ws/router.ts
FN:4,<instance_members_initializer>
FN:6,add
FN:15,remove
FN:25,dispatch
FN:42,clear
FNDA:41,<instance_members_initializer>
FNDA:9,add
FNDA:4,remove
FNDA:5,dispatch
FNDA:0,clear
FNF:5
FNH:4
BRDA:8,2,0,7
BRDA:8,2,1,2
BRDA:19,3,0,3
BRDA:19,3,1,1
BRDA:27,4,0,4
BRDA:27,4,1,1
BRDA:29,4,0,4
BRDA:29,4,1,1
BRDA:39,4,0,4
BRDA:39,4,1,1
BRF:10
BRH:10
DA:3,3
DA:4,3
DA:6,3
DA:7,9
DA:8,9
DA:9,7
DA:10,7
DA:11,7
DA:12,9
DA:13,9
DA:15,3
DA:16,4
DA:17,4
DA:18,4
DA:19,4
DA:20,3
DA:21,3
DA:22,4
DA:23,4
DA:25,3
DA:26,5
DA:27,5
DA:28,1
DA:29,1
DA:30,5
DA:32,5
DA:33,0
DA:34,0
DA:35,0
DA:36,0
DA:37,0
DA:38,5
DA:39,5
DA:40,5
DA:42,0
DA:43,0
DA:44,0
DA:45,3
LH:30
LF:38
end_of_record
SF:/Users/asumayamada/Private/posaune0423/bulk-ts-sdk/src/ws/subscriptions.ts
FN:3,topicOf
FNDA:13,topicOf
FNF:1
FNH:1
BRDA:5,1,0,4
BRDA:5,1,1,9
BRDA:7,1,0,1
BRDA:7,1,1,12
BRDA:9,1,0,1
BRDA:9,1,1,12
BRDA:11,1,0,1
BRDA:11,1,1,12
BRDA:13,1,0,1
BRDA:13,1,1,12
BRDA:15,1,0,4
BRDA:15,1,1,9
BRDA:17,1,0,3
BRDA:17,1,1,1
BRDA:19,1,0,0
BRDA:19,1,1,13
BRDA:21,1,0,1
BRDA:21,1,1,12
BRDA:22,1,0,0
BRDA:22,1,1,1
BRDA:25,1,0,0
BRDA:25,1,1,13
BRF:22
BRH:19
DA:3,3
DA:4,13
DA:5,13
DA:6,4
DA:7,13
DA:8,1
DA:9,13
DA:10,1
DA:11,13
DA:12,1
DA:13,13
DA:14,1
DA:15,13
DA:16,4
DA:17,4
DA:18,4
DA:19,0
DA:20,0
DA:21,13
DA:22,1
DA:23,1
DA:24,1
DA:25,0
DA:26,0
DA:27,13
DA:28,13
LH:22
LF:26
end_of_record
SF:/Users/asumayamada/Private/posaune0423/bulk-ts-sdk/src/ws/ws_client.ts
FN:20,<instance_members_initializer>
FN:34,WsClient
FN:36,connect
FN:44,ws.onopen
FN:45,ws.onerror
FN:49,ws.onmessage
FN:50,ws.onclose
FN:57,close
FN:73,subscribe
FN:92,unsubscribe
FN:107,post
FN:135,ensureConnected
FN:141,send
FN:148,handleMessage
FN:183,isRecord
FN:187,extractPostPayload
FN:195,releaseTopic
FN:206,handleClose
FNDA:38,<instance_members_initializer>
FNDA:38,WsClient
FNDA:9,connect
FNDA:9,ws.onopen
FNDA:0,ws.onerror
FNDA:7,ws.onmessage
FNDA:2,ws.onclose
FNDA:1,close
FNDA:5,subscribe
FNDA:3,unsubscribe
FNDA:4,post
FNDA:9,ensureConnected
FNDA:11,send
FNDA:7,handleMessage
FNDA:10,isRecord
FNDA:2,extractPostPayload
FNDA:3,releaseTopic
FNDA:2,handleClose
FNF:18
FNH:17
BRDA:37,3,0,0
BRDA:37,3,1,0
BRDA:51,4,0,0
BRDA:51,4,1,9
BRDA:82,10,0,4
BRDA:82,10,1,1
BRDA:95,11,0,2
BRDA:95,11,1,1
BRDA:136,15,0,1
BRDA:136,15,1,8
BRDA:142,16,0,0
BRDA:142,16,1,11
BRDA:150,17,0,1
BRDA:150,17,1,6
BRDA:153,17,0,2
BRDA:153,17,1,2
BRDA:159,17,0,1
BRDA:159,17,1,1
BRDA:166,17,0,4
BRDA:166,17,1,3
BRDA:170,17,0,2
BRDA:170,17,1,5
BRDA:177,17,0,1
BRDA:177,17,1,1
BRDA:189,19,0,0
BRDA:189,19,1,2
BRDA:191,19,0,1
BRDA:191,19,1,1
BRDA:197,20,0,0
BRDA:197,20,1,3
BRDA:198,20,0,1
BRDA:198,20,1,2
BRDA:201,20,0,2
BRDA:201,20,1,1
BRDA:208,21,0,1
BRDA:208,21,1,1
BRF:36
BRH:30
DA:1,2
DA:2,2
DA:3,2
DA:4,2
DA:20,2
DA:21,38
DA:22,38
DA:23,38
DA:24,38
DA:25,38
DA:34,38
DA:36,2
DA:37,0
DA:38,0
DA:39,0
DA:41,9
DA:42,9
DA:43,9
DA:44,9
DA:45,0
DA:46,0
DA:47,0
DA:48,0
DA:49,9
DA:50,9
DA:51,0
DA:52,0
DA:53,0
DA:54,9
DA:55,9
DA:57,2
DA:58,1
DA:59,1
DA:60,1
DA:61,1
DA:62,1
DA:63,1
DA:73,2
DA:74,2
DA:75,2
DA:76,2
DA:77,5
DA:79,5
DA:80,5
DA:81,5
DA:82,5
DA:83,5
DA:85,5
DA:86,5
DA:87,5
DA:88,5
DA:90,5
DA:91,5
DA:92,5
DA:93,3
DA:94,3
DA:95,3
DA:96,2
DA:97,2
DA:98,2
DA:99,2
DA:100,2
DA:101,3
DA:102,3
DA:103,3
DA:104,5
DA:105,5
DA:107,2
DA:108,2
DA:109,2
DA:110,2
DA:111,4
DA:112,4
DA:113,4
DA:115,4
DA:116,4
DA:117,1
DA:118,1
DA:119,4
DA:120,4
DA:121,4
DA:123,4
DA:124,4
DA:125,4
DA:126,4
DA:127,4
DA:128,4
DA:129,4
DA:130,4
DA:132,4
DA:133,4
DA:135,2
DA:136,9
DA:137,8
DA:138,8
DA:139,9
DA:141,2
DA:142,0
DA:143,0
DA:144,0
DA:145,11
DA:146,11
DA:148,2
DA:149,7
DA:150,7
DA:153,7
DA:154,2
DA:155,2
DA:156,2
DA:157,2
DA:158,2
DA:159,2
DA:160,1
DA:161,1
DA:162,1
DA:163,1
DA:164,2
DA:165,2
DA:166,2
DA:169,4
DA:170,7
DA:171,2
DA:172,2
DA:173,2
DA:176,2
DA:177,7
DA:179,1
DA:180,1
DA:181,7
DA:183,2
DA:184,10
DA:185,10
DA:187,2
DA:188,2
DA:189,0
DA:190,2
DA:191,2
DA:192,1
DA:193,2
DA:195,2
DA:196,3
DA:197,0
DA:198,3
DA:199,1
DA:200,1
DA:201,1
DA:202,2
DA:203,2
DA:204,3
DA:206,2
DA:208,2
DA:209,1
DA:210,1
DA:211,1
DA:212,2
DA:213,2
DA:214,2
DA:215,2
LH:143
LF:158
end_of_record
