SF:/Users/asumayamada/Private/posaune0423/bulk-ts-sdk/src/builders/orders.ts
FN:11,toKeychainAgentWalletCreation
FN:19,toKeychainLimitOrder
FN:35,toKeychainMarketOrder
FN:52,toKeychainCancelOrder
FN:60,toKeychainCancelAll
FNDA:1,toKeychainAgentWalletCreation
FNDA:8,toKeychainLimitOrder
FNDA:3,toKeychainMarketOrder
FNDA:2,toKeychainCancelOrder
FNDA:3,toKeychainCancelAll
FNF:5
FNH:5
BRDA:26,2,0,7
BRDA:26,2,1,1
BRDA:27,2,0,7
BRDA:27,2,1,1
BRDA:30,2,0,7
BRDA:30,2,1,1
BRDA:42,3,0,1
BRDA:42,3,1,2
BRDA:43,3,0,2
BRDA:43,3,1,1
BRDA:63,5,0,0
BRDA:63,5,1,3
BRF:12
BRH:11
DA:11,3
DA:12,1
DA:13,1
DA:14,1
DA:15,1
DA:16,1
DA:17,1
DA:19,3
DA:20,8
DA:21,8
DA:22,8
DA:23,8
DA:24,8
DA:25,8
DA:26,8
DA:27,8
DA:28,8
DA:29,8
DA:30,8
DA:31,8
DA:32,8
DA:33,8
DA:35,3
DA:36,3
DA:37,3
DA:38,3
DA:39,3
DA:40,3
DA:41,3
DA:42,3
DA:43,3
DA:44,3
DA:45,3
DA:46,3
DA:47,3
DA:48,3
DA:49,3
DA:50,3
DA:52,3
DA:53,2
DA:54,2
DA:55,2
DA:56,2
DA:57,2
DA:58,2
DA:60,3
DA:61,3
DA:62,3
DA:63,0
DA:64,3
DA:65,3
LH:50
LF:51
end_of_record
SF:/Users/asumayamada/Private/posaune0423/bulk-ts-sdk/src/client.ts
FN:41,<instance_members_initializer>
FN:60,BulkClient
FNDA:27,<instance_members_initializer>
FNDA:27,BulkClient
FNF:2
FNH:2
BRDA:62,2,0,0
BRDA:62,2,1,27
BRDA:71,2,0,7
BRDA:71,2,1,20
BRDA:72,2,0,20
BRDA:72,2,1,7
BRDA:79,2,0,25
BRDA:79,2,1,6
BRF:8
BRH:7
DA:1,1
DA:2,1
DA:3,1
DA:4,1
DA:5,1
DA:6,1
DA:7,1
DA:39,1
DA:41,1
DA:43,27
DA:45,27
DA:47,27
DA:52,27
DA:54,1
DA:60,1
DA:61,27
DA:62,27
DA:63,27
DA:64,27
DA:66,27
DA:67,27
DA:68,27
DA:69,27
DA:71,27
DA:72,27
DA:73,27
DA:75,27
DA:76,27
DA:77,27
DA:78,27
DA:79,27
DA:80,27
DA:81,27
DA:82,1
LH:34
LF:34
end_of_record
SF:/Users/asumayamada/Private/posaune0423/bulk-ts-sdk/src/constants.ts
FNF:0
FNH:0
BRF:0
BRH:0
DA:2,1
DA:5,1
DA:8,1
DA:11,1
LH:4
LF:4
end_of_record
SF:/Users/asumayamada/Private/posaune0423/bulk-ts-sdk/src/errors.ts
FN:9,BulkError
FN:18,<instance_members_initializer>
FN:24,BulkHttpError
FN:37,BulkWsError
FN:50,BulkTimeoutError
FN:63,BulkDecodeError
FN:71,<instance_members_initializer>
FN:76,BulkTransactionRejectedError
FNDA:12,BulkError
FNDA:2,<instance_members_initializer>
FNDA:2,BulkHttpError
FNDA:3,BulkWsError
FNDA:3,BulkTimeoutError
FNDA:3,BulkDecodeError
FNDA:1,<instance_members_initializer>
FNDA:1,BulkTransactionRejectedError
FNF:8
FNH:8
BRDA:25,3,0,0
BRDA:25,3,1,2
BRF:2
BRH:1
DA:4,4
DA:9,4
DA:10,12
DA:11,12
DA:12,12
DA:13,4
DA:18,4
DA:24,4
DA:25,2
DA:26,2
DA:27,4
DA:32,4
DA:37,4
DA:38,3
DA:39,3
DA:40,4
DA:45,4
DA:50,4
DA:51,3
DA:52,3
DA:53,4
DA:58,4
DA:63,4
DA:64,3
DA:65,3
DA:66,4
DA:71,4
DA:76,4
DA:77,1
DA:78,1
DA:79,4
LH:31
LF:31
end_of_record
SF:/Users/asumayamada/Private/posaune0423/bulk-ts-sdk/src/http/account_client.ts
FN:16,<instance_members_initializer>
FN:17,AccountClient
FN:19,fullAccount
FN:31,openOrders
FN:38,fills
FN:45,positions
FN:52,fundingHistory
FN:59,orderHistory
FN:66,feeTier
FN:79,feeState
FN:83,multisigProposals
FN:89,queryAccount
FNDA:27,<instance_members_initializer>
FNDA:27,AccountClient
FNDA:2,fullAccount
FNDA:1,openOrders
FNDA:1,fills
FNDA:1,positions
FNDA:1,fundingHistory
FNDA:1,orderHistory
FNDA:2,feeTier
FNDA:1,feeState
FNDA:1,multisigProposals
FNDA:5,queryAccount
FNF:12
FNH:12
BRDA:25,3,0,1
BRDA:25,3,1,1
BRDA:25,3,2,1
BRDA:34,6,0,0
BRDA:34,6,1,1
BRDA:41,8,0,0
BRDA:41,8,1,1
BRDA:48,10,0,0
BRDA:48,10,1,1
BRDA:55,12,0,0
BRDA:55,12,1,1
BRDA:62,14,0,0
BRDA:62,14,1,1
BRDA:73,15,0,1
BRDA:73,15,1,1
BRDA:73,15,2,1
BRF:16
BRH:11
DA:1,1
DA:16,1
DA:17,27
DA:19,1
DA:20,2
DA:21,2
DA:22,2
DA:23,2
DA:24,2
DA:25,2
DA:26,1
DA:27,1
DA:28,1
DA:29,2
DA:31,1
DA:32,1
DA:33,1
DA:34,1
DA:36,1
DA:38,1
DA:39,1
DA:40,1
DA:41,1
DA:43,1
DA:45,1
DA:46,1
DA:47,1
DA:48,1
DA:50,1
DA:52,1
DA:53,1
DA:54,1
DA:55,1
DA:57,1
DA:59,1
DA:60,1
DA:61,1
DA:62,1
DA:64,1
DA:66,1
DA:67,2
DA:68,2
DA:69,2
DA:70,2
DA:71,2
DA:72,2
DA:73,2
DA:74,1
DA:75,1
DA:76,1
DA:77,2
DA:79,1
DA:80,1
DA:81,1
DA:83,1
DA:84,1
DA:85,1
DA:87,1
DA:89,1
DA:90,1
DA:91,1
DA:92,1
DA:93,5
DA:94,5
DA:95,5
DA:96,5
DA:97,5
DA:98,5
DA:99,5
DA:100,5
DA:101,5
DA:102,5
DA:103,1
LH:73
LF:73
end_of_record
SF:/Users/asumayamada/Private/posaune0423/bulk-ts-sdk/src/http/http_transport.ts
FN:18,<instance_members_initializer>
FN:19,HttpTransport
FN:21,get
FN:25,post
FN:33,request
FNDA:29,<instance_members_initializer>
FNDA:29,HttpTransport
FNDA:11,get
FNDA:17,post
FNDA:28,request
FNF:5
FNH:5
BRDA:56,5,0,11
BRDA:56,5,1,17
BRDA:57,5,0,27
BRDA:57,5,1,1
BRDA:58,5,0,26
BRDA:58,5,1,2
BRDA:61,5,0,0
BRDA:61,5,1,28
BRDA:63,5,0,26
BRDA:63,5,1,1
BRDA:65,5,0,25
BRDA:65,5,1,1
BRDA:68,5,0,3
BRDA:68,5,1,25
BRDA:69,5,0,2
BRDA:69,5,1,2
BRDA:70,5,0,1
BRDA:70,5,1,1
BRDA:75,5,0,0
BRDA:75,5,1,28
BRF:20
BRH:18
DA:1,2
DA:2,2
DA:3,2
DA:18,2
DA:19,29
DA:21,2
DA:22,11
DA:23,11
DA:25,2
DA:26,2
DA:27,2
DA:28,2
DA:29,2
DA:30,17
DA:31,17
DA:33,2
DA:34,2
DA:35,2
DA:36,2
DA:37,2
DA:38,2
DA:39,28
DA:40,28
DA:41,28
DA:42,28
DA:43,28
DA:44,1
DA:45,1
DA:46,28
DA:48,28
DA:49,28
DA:50,28
DA:51,28
DA:52,28
DA:53,28
DA:54,28
DA:55,28
DA:56,28
DA:57,28
DA:58,28
DA:60,26
DA:61,28
DA:63,28
DA:64,1
DA:65,1
DA:67,25
DA:68,28
DA:69,3
DA:70,2
DA:71,1
DA:72,1
DA:73,2
DA:74,2
DA:75,28
DA:76,28
DA:77,28
DA:78,28
DA:79,2
LH:58
LF:58
end_of_record
SF:/Users/asumayamada/Private/posaune0423/bulk-ts-sdk/src/http/market_client.ts
FN:14,<instance_members_initializer>
FN:15,MarketClient
FN:17,metrics
FN:21,verify
FN:25,exchangeInfo
FN:29,ticker
FN:35,klines
FN:47,l2Book
FN:58,stats
FN:66,riskSurfaces
FNDA:27,<instance_members_initializer>
FNDA:27,MarketClient
FNDA:0,metrics
FNDA:0,verify
FNDA:1,exchangeInfo
FNDA:1,ticker
FNDA:1,klines
FNDA:1,l2Book
FNDA:2,stats
FNDA:1,riskSurfaces
FNF:10
FNH:8
BRDA:61,9,0,1
BRDA:61,9,1,1
BRF:2
BRH:2
DA:14,1
DA:15,27
DA:17,0
DA:18,0
DA:19,0
DA:21,0
DA:22,0
DA:23,0
DA:25,1
DA:26,1
DA:27,1
DA:29,1
DA:30,1
DA:31,1
DA:33,1
DA:35,1
DA:36,1
DA:37,1
DA:38,1
DA:39,1
DA:40,1
DA:41,1
DA:42,1
DA:43,1
DA:44,1
DA:45,1
DA:47,1
DA:48,1
DA:49,1
DA:50,1
DA:51,1
DA:52,1
DA:53,1
DA:54,1
DA:55,1
DA:56,1
DA:58,1
DA:59,2
DA:60,2
DA:61,2
DA:62,2
DA:63,2
DA:64,2
DA:66,1
DA:67,1
DA:68,1
DA:69,1
DA:70,1
DA:71,1
LH:43
LF:49
end_of_record
SF:/Users/asumayamada/Private/posaune0423/bulk-ts-sdk/src/http/trade_client.ts
FN:27,<instance_members_initializer>
FN:28,TradeClient
FN:36,submit
FN:61,placeLimitOrder
FN:69,placeMarketOrder
FN:77,cancelOrder
FN:85,cancelAll
FN:93,manageAgentWallet
FN:101,batch
FN:110,submitSignedAction
FN:119,ensureSigner
FN:126,assertOrderResponseOk
FNDA:27,<instance_members_initializer>
FNDA:27,TradeClient
FNDA:9,submit
FNDA:4,placeLimitOrder
FNDA:1,placeMarketOrder
FNDA:1,cancelOrder
FNDA:1,cancelAll
FNDA:0,manageAgentWallet
FNDA:1,batch
FNDA:7,submitSignedAction
FNDA:8,ensureSigner
FNDA:8,assertOrderResponseOk
FNF:12
FNH:11
BRDA:41,3,0,8
BRDA:41,3,1,1
BRDA:44,3,0,1
BRDA:44,3,1,8
BRDA:48,3,0,8
BRDA:48,3,1,1
BRDA:54,3,0,8
BRDA:54,3,1,1
BRDA:120,11,0,1
BRDA:120,11,1,7
BRDA:122,11,0,7
BRDA:122,11,1,1
BRDA:127,12,0,1
BRDA:127,12,1,7
BRF:14
BRH:14
DA:1,1
DA:2,1
DA:3,1
DA:4,1
DA:5,1
DA:6,1
DA:7,1
DA:8,1
DA:9,1
DA:27,1
DA:28,1
DA:29,27
DA:33,1
DA:34,27
DA:36,1
DA:37,1
DA:38,1
DA:39,1
DA:40,9
DA:41,9
DA:43,9
DA:44,9
DA:45,1
DA:46,1
DA:47,1
DA:48,9
DA:49,8
DA:50,8
DA:51,8
DA:52,8
DA:54,9
DA:55,8
DA:56,8
DA:58,8
DA:59,9
DA:61,1
DA:62,1
DA:63,1
DA:64,1
DA:65,4
DA:66,4
DA:67,4
DA:69,1
DA:70,1
DA:71,1
DA:72,1
DA:73,1
DA:74,1
DA:75,1
DA:77,1
DA:78,1
DA:79,1
DA:80,1
DA:81,1
DA:82,1
DA:83,1
DA:85,1
DA:86,1
DA:87,1
DA:88,1
DA:89,1
DA:90,1
DA:91,1
DA:93,0
DA:94,0
DA:95,0
DA:96,0
DA:97,0
DA:98,0
DA:99,0
DA:101,1
DA:102,1
DA:103,1
DA:104,1
DA:105,1
DA:106,1
DA:107,1
DA:108,1
DA:110,1
DA:111,1
DA:112,1
DA:113,1
DA:114,7
DA:115,7
DA:116,7
DA:117,7
DA:119,1
DA:120,8
DA:121,1
DA:122,1
DA:123,7
DA:124,8
DA:126,1
DA:127,8
DA:128,1
DA:129,1
DA:130,8
DA:131,1
LH:91
LF:98
end_of_record
SF:/Users/asumayamada/Private/posaune0423/bulk-ts-sdk/src/signing/keychain_signer.ts
FN:20,supportsAgentWalletSigning
FN:24,<instance_members_initializer>
FN:27,KeychainSigner
FN:32,fromPrivateKey
FN:38,get accountPublicKey
FN:42,sign
FN:54,signGroup
FN:58,signAll
FN:63,signActions
FN:72,nextNonce
FN:78,assertCanSignTargetAccount
FNDA:1,supportsAgentWalletSigning
FNDA:12,<instance_members_initializer>
FNDA:12,KeychainSigner
FNDA:11,fromPrivateKey
FNDA:8,get accountPublicKey
FNDA:9,sign
FNDA:2,signGroup
FNDA:1,signAll
FNDA:10,signActions
FNDA:9,nextNonce
FNDA:11,assertCanSignTargetAccount
FNF:11
FNH:11
BRDA:21,1,0,0
BRDA:21,1,1,1
BRDA:43,6,0,1
BRDA:43,6,1,8
BRDA:46,6,0,0
BRDA:46,6,1,1
BRDA:49,6,0,8
BRDA:49,6,1,1
BRDA:74,10,0,1
BRDA:74,10,1,8
BRDA:79,11,0,1
BRDA:79,11,1,1
BRF:12
BRH:10
DA:1,2
DA:2,2
DA:20,1
DA:21,1
DA:22,1
DA:24,2
DA:25,12
DA:27,2
DA:28,12
DA:29,12
DA:30,12
DA:32,2
DA:33,11
DA:34,11
DA:35,11
DA:36,11
DA:38,2
DA:39,8
DA:40,8
DA:42,2
DA:43,9
DA:44,1
DA:45,1
DA:46,1
DA:47,0
DA:48,0
DA:49,0
DA:51,8
DA:52,9
DA:54,2
DA:55,2
DA:56,2
DA:58,2
DA:59,1
DA:60,1
DA:61,1
DA:63,2
DA:64,10
DA:65,10
DA:66,10
DA:67,10
DA:69,10
DA:70,10
DA:72,2
DA:73,9
DA:74,9
DA:75,9
DA:76,9
DA:78,2
DA:79,11
DA:80,1
DA:81,1
DA:83,1
DA:84,11
DA:85,2
LH:52
LF:55
end_of_record
SF:/Users/asumayamada/Private/posaune0423/bulk-ts-sdk/src/signing/normalize_signed_transaction.ts
FN:8,normalizeSignedTransaction
FNDA:20,normalizeSignedTransaction
FNF:1
FNH:1
BRDA:12,1,0,11
BRDA:12,1,1,1
BRDA:12,1,2,9
BRF:3
BRH:3
DA:1,2
DA:8,2
DA:9,2
DA:11,20
DA:12,20
DA:13,20
DA:15,20
DA:16,20
DA:17,20
DA:18,20
DA:19,20
DA:20,20
DA:21,20
LH:13
LF:13
end_of_record
SF:/Users/asumayamada/Private/posaune0423/bulk-ts-sdk/src/utils/json.ts
FN:4,safeJsonParse
FNDA:45,safeJsonParse
FNF:1
FNH:1
BRDA:7,1,0,2
BRDA:7,1,1,43
BRF:2
BRH:2
DA:4,5
DA:5,45
DA:6,45
DA:7,45
DA:8,2
DA:9,2
DA:10,45
LH:7
LF:7
end_of_record
SF:/Users/asumayamada/Private/posaune0423/bulk-ts-sdk/src/utils/url.ts
FN:4,buildUrl
FNDA:31,buildUrl
FNF:1
FNH:1
BRDA:9,1,0,1
BRDA:9,1,1,30
BRDA:10,1,0,0
BRDA:10,1,1,31
BRDA:11,1,0,0
BRDA:11,1,1,31
BRDA:12,1,0,6
BRDA:12,1,1,25
BRDA:13,1,0,14
BRDA:14,1,0,10
BRDA:14,1,1,4
BRF:11
BRH:9
DA:4,3
DA:5,3
DA:6,3
DA:7,3
DA:9,31
DA:10,31
DA:11,31
DA:12,31
DA:13,6
DA:14,14
DA:15,10
DA:16,10
DA:17,14
DA:18,6
DA:19,31
DA:20,31
LH:16
LF:16
end_of_record
SF:/Users/asumayamada/Private/posaune0423/bulk-ts-sdk/src/ws/router.ts
FN:4,<instance_members_initializer>
FN:6,add
FN:15,remove
FN:25,dispatch
FN:42,clear
FNDA:36,<instance_members_initializer>
FNDA:5,add
FNDA:2,remove
FNDA:4,dispatch
FNDA:0,clear
FNF:5
FNH:4
BRDA:8,2,0,4
BRDA:8,2,1,1
BRDA:27,4,0,3
BRDA:27,4,1,1
BRDA:29,4,0,3
BRDA:29,4,1,1
BRDA:39,4,0,3
BRDA:39,4,1,1
BRF:8
BRH:8
DA:3,3
DA:4,3
DA:6,3
DA:7,5
DA:8,5
DA:9,4
DA:10,4
DA:11,4
DA:12,5
DA:13,5
DA:15,3
DA:16,2
DA:17,2
DA:18,2
DA:19,2
DA:20,2
DA:21,2
DA:22,2
DA:23,2
DA:25,3
DA:26,4
DA:27,4
DA:28,1
DA:29,1
DA:30,4
DA:32,4
DA:33,0
DA:34,0
DA:35,0
DA:36,0
DA:37,0
DA:38,4
DA:39,4
DA:40,4
DA:42,0
DA:43,0
DA:44,0
DA:45,3
LH:30
LF:38
end_of_record
SF:/Users/asumayamada/Private/posaune0423/bulk-ts-sdk/src/ws/subscriptions.ts
FN:3,topicOf
FNDA:9,topicOf
FNF:1
FNH:1
BRDA:5,1,0,2
BRDA:5,1,1,7
BRDA:7,1,0,1
BRDA:7,1,1,8
BRDA:9,1,0,1
BRDA:9,1,1,8
BRDA:11,1,0,1
BRDA:11,1,1,8
BRDA:13,1,0,1
BRDA:13,1,1,8
BRDA:15,1,0,2
BRDA:15,1,1,7
BRDA:17,1,0,1
BRDA:17,1,1,1
BRDA:19,1,0,0
BRDA:19,1,1,9
BRDA:21,1,0,1
BRDA:21,1,1,8
BRDA:22,1,0,0
BRDA:22,1,1,1
BRDA:25,1,0,0
BRDA:25,1,1,9
BRF:22
BRH:19
DA:3,3
DA:4,9
DA:5,9
DA:6,2
DA:7,9
DA:8,1
DA:9,9
DA:10,1
DA:11,9
DA:12,1
DA:13,9
DA:14,1
DA:15,9
DA:16,2
DA:17,2
DA:18,2
DA:19,0
DA:20,0
DA:21,9
DA:22,1
DA:23,1
DA:24,1
DA:25,0
DA:26,0
DA:27,9
DA:28,9
LH:22
LF:26
end_of_record
SF:/Users/asumayamada/Private/posaune0423/bulk-ts-sdk/src/ws/ws_client.ts
FN:13,<instance_members_initializer>
FN:26,WsClient
FN:28,connect
FN:36,ws.onopen
FN:37,ws.onerror
FN:41,ws.onmessage
FN:42,ws.onclose
FN:49,close
FN:57,subscribe
FN:75,unsubscribe
FN:90,post
FN:118,ensureConnected
FN:124,send
FN:131,handleMessage
FN:166,isRecord
FN:170,extractPostPayload
FN:178,handleClose
FNDA:33,<instance_members_initializer>
FNDA:33,WsClient
FNDA:6,connect
FNDA:6,ws.onopen
FNDA:0,ws.onerror
FNDA:6,ws.onmessage
FNDA:2,ws.onclose
FNDA:1,close
FNDA:1,subscribe
FNDA:1,unsubscribe
FNDA:4,post
FNDA:5,ensureConnected
FNDA:6,send
FNDA:6,handleMessage
FNDA:9,isRecord
FNDA:2,extractPostPayload
FNDA:2,handleClose
FNF:17
FNH:16
BRDA:29,3,0,0
BRDA:29,3,1,0
BRDA:43,4,0,0
BRDA:43,4,1,6
BRDA:119,15,0,0
BRDA:119,15,1,5
BRDA:125,16,0,0
BRDA:125,16,1,6
BRDA:133,17,0,1
BRDA:133,17,1,5
BRDA:136,17,0,2
BRDA:136,17,1,2
BRDA:142,17,0,1
BRDA:142,17,1,1
BRDA:149,17,0,3
BRDA:149,17,1,3
BRDA:153,17,0,1
BRDA:153,17,1,5
BRDA:156,17,0,2
BRDA:156,17,1,4
BRDA:160,17,0,1
BRDA:160,17,1,1
BRDA:172,19,0,0
BRDA:172,19,1,2
BRDA:174,19,0,1
BRDA:174,19,1,1
BRDA:180,20,0,1
BRDA:180,20,1,1
BRF:28
BRH:22
DA:1,2
DA:2,2
DA:3,2
DA:4,2
DA:13,2
DA:14,33
DA:15,33
DA:16,33
DA:17,33
DA:26,33
DA:28,2
DA:29,0
DA:30,0
DA:31,0
DA:33,6
DA:34,6
DA:35,6
DA:36,6
DA:37,0
DA:38,0
DA:39,0
DA:40,0
DA:41,6
DA:42,6
DA:43,0
DA:44,0
DA:45,0
DA:46,6
DA:47,6
DA:49,2
DA:50,1
DA:51,1
DA:52,1
DA:53,1
DA:54,1
DA:55,1
DA:57,2
DA:58,2
DA:59,2
DA:60,2
DA:61,1
DA:63,1
DA:64,1
DA:65,1
DA:66,1
DA:68,1
DA:69,1
DA:70,1
DA:71,1
DA:73,1
DA:74,1
DA:75,1
DA:76,1
DA:77,1
DA:78,1
DA:81,1
DA:82,1
DA:83,1
DA:84,1
DA:85,1
DA:86,1
DA:87,1
DA:88,1
DA:90,2
DA:91,2
DA:92,2
DA:93,2
DA:94,4
DA:95,4
DA:96,4
DA:98,4
DA:99,4
DA:100,1
DA:101,1
DA:102,4
DA:103,4
DA:104,4
DA:106,4
DA:107,4
DA:108,4
DA:109,4
DA:110,4
DA:111,4
DA:112,4
DA:113,4
DA:115,4
DA:116,4
DA:118,2
DA:119,5
DA:120,5
DA:121,5
DA:122,5
DA:124,2
DA:125,0
DA:126,0
DA:127,0
DA:128,6
DA:129,6
DA:131,2
DA:132,6
DA:133,6
DA:136,6
DA:137,2
DA:138,2
DA:139,2
DA:140,2
DA:141,2
DA:142,2
DA:143,1
DA:144,1
DA:145,1
DA:146,1
DA:147,2
DA:148,2
DA:149,2
DA:152,3
DA:153,6
DA:154,1
DA:155,1
DA:156,1
DA:159,2
DA:160,6
DA:162,1
DA:163,1
DA:164,6
DA:166,2
DA:167,9
DA:168,9
DA:170,2
DA:171,2
DA:172,0
DA:173,2
DA:174,2
DA:175,1
DA:176,2
DA:178,2
DA:180,2
DA:181,1
DA:182,1
DA:183,1
DA:184,2
DA:185,2
DA:186,2
DA:187,2
LH:130
LF:144
end_of_record
